mode: set
pacman/colourDisplay.go:29.49,32.2 2 0
pacman/colourDisplay.go:34.49,35.19 1 0
pacman/colourDisplay.go:35.19,36.22 1 0
pacman/colourDisplay.go:39.3,40.42 2 0
pacman/colourDisplay.go:36.22,38.4 1 0
pacman/colourDisplay.go:45.50,47.2 1 0
pacman/colourDisplay.go:49.69,51.31 2 0
pacman/colourDisplay.go:58.2,58.17 1 0
pacman/colourDisplay.go:51.31,52.34 1 0
pacman/colourDisplay.go:52.34,56.4 3 0
pacman/colourDisplay.go:61.34,65.2 3 0
pacman/colourDisplay.go:67.34,68.19 1 0
pacman/colourDisplay.go:73.2,73.15 1 0
pacman/colourDisplay.go:68.19,69.21 1 0
pacman/colourDisplay.go:69.21,71.4 1 0
pacman/display.go:34.43,37.2 2 1
pacman/display.go:40.43,42.19 2 1
pacman/display.go:42.19,44.3 1 1
pacman/display.go:48.44,50.2 1 1
pacman/display.go:53.60,58.2 4 1
pacman/display.go:61.28,65.2 3 0
pacman/display.go:68.28,71.2 2 1
pacman/pill.go:22.55,25.27 3 1
pacman/pill.go:28.2,29.26 2 1
pacman/pill.go:25.27,27.3 1 1
pacman/pill.go:33.43,36.2 2 1
pacman/pill.go:39.52,41.38 2 1
pacman/pill.go:46.2,46.23 1 1
pacman/pill.go:41.38,42.45 1 1
pacman/pill.go:42.45,44.4 1 1
pacman/pill.go:50.56,51.18 1 1
pacman/pill.go:54.2,54.12 1 1
pacman/pill.go:51.18,53.3 1 1
pacman/pill.go:58.29,61.2 2 1
pacman/pill.go:64.31,67.2 2 1
pacman/ghost.go:39.57,44.22 5 1
pacman/ghost.go:51.2,55.20 1 1
pacman/ghost.go:44.22,47.3 2 1
pacman/ghost.go:47.3,49.3 1 1
pacman/ghost.go:59.30,64.2 4 1
pacman/ghost.go:66.37,67.17 1 1
pacman/ghost.go:67.17,69.20 2 1
pacman/ghost.go:72.3,73.12 2 1
pacman/ghost.go:69.20,71.4 1 1
pacman/ghost.go:74.3,76.3 1 1
pacman/ghost.go:79.41,83.20 4 1
pacman/ghost.go:88.2,88.10 1 1
pacman/ghost.go:83.20,85.3 1 1
pacman/ghost.go:85.3,87.3 1 1
pacman/ghost.go:91.68,93.34 2 1
pacman/ghost.go:98.2,98.16 1 1
pacman/ghost.go:93.34,94.44 1 1
pacman/ghost.go:94.44,96.4 1 1
pacman/ghost.go:101.50,104.2 2 1
pacman/ghost.go:106.44,108.18 2 1
pacman/ghost.go:111.2,111.18 1 1
pacman/ghost.go:108.18,110.3 1 1
pacman/ghost.go:114.30,115.20 1 1
pacman/ghost.go:115.20,116.50 1 1
pacman/ghost.go:116.50,118.4 1 1
pacman/ghost.go:122.41,124.17 2 1
pacman/ghost.go:129.2,130.19 2 1
pacman/ghost.go:124.17,125.38 1 1
pacman/ghost.go:125.38,127.4 1 1
pacman/ghost.go:130.19,131.40 1 1
pacman/ghost.go:131.40,133.4 1 1
pacman/ghost.go:138.31,142.2 3 1
pacman/ghost.go:145.41,147.2 1 1
pacman/ghost.go:150.57,151.17 1 1
pacman/ghost.go:151.17,156.3 4 1
pacman/ghost.go:156.3,158.3 1 1
pacman/ghost.go:161.54,164.29 3 1
pacman/ghost.go:175.2,175.14 1 1
pacman/ghost.go:164.29,165.33 1 1
pacman/ghost.go:165.33,166.22 1 1
pacman/ghost.go:166.22,168.5 1 1
pacman/ghost.go:168.5,169.21 1 1
pacman/ghost.go:169.21,171.6 1 1
pacman/ghost.go:179.57,180.19 1 1
pacman/ghost.go:183.2,183.12 1 1
pacman/ghost.go:180.19,182.3 1 1
pacman/ghost.go:187.30,190.2 2 1
pacman/ghost.go:193.33,196.2 2 1
pacman/ghost.go:199.33,200.11 1 1
pacman/ghost.go:203.2,203.20 1 1
pacman/ghost.go:200.11,202.3 1 1
pacman/ghost.go:207.44,210.2 2 1
pacman/level.go:22.35,25.16 3 1
pacman/level.go:28.2,28.26 1 1
pacman/level.go:25.16,26.13 1 0
pacman/level.go:32.48,34.2 1 1
pacman/level.go:37.36,39.2 1 1
pacman/pacman.go:28.59,38.2 5 1
pacman/pacman.go:41.31,42.14 1 1
pacman/pacman.go:42.14,44.25 2 1
pacman/pacman.go:48.3,48.22 1 1
pacman/pacman.go:44.25,47.4 2 1
pacman/pacman.go:52.42,53.81 1 1
pacman/pacman.go:53.81,54.41 1 1
pacman/pacman.go:54.41,56.4 1 1
pacman/pacman.go:61.54,66.2 4 1
pacman/pacman.go:69.37,71.2 1 1
pacman/pacman.go:73.55,75.41 2 1
pacman/pacman.go:80.2,80.14 1 1
pacman/pacman.go:75.41,76.61 1 1
pacman/pacman.go:76.61,78.4 1 1
pacman/pacman.go:84.36,86.13 2 1
pacman/pacman.go:91.2,91.13 1 1
pacman/pacman.go:86.13,88.3 1 1
pacman/pacman.go:88.3,90.3 1 1
pacman/pacman.go:95.58,96.20 1 1
pacman/pacman.go:99.2,99.12 1 1
pacman/pacman.go:96.20,98.3 1 1
pacman/pacman.go:103.35,104.26 1 1
pacman/pacman.go:107.2,107.35 1 1
pacman/pacman.go:114.2,114.14 1 1
pacman/pacman.go:104.26,106.3 1 1
pacman/pacman.go:107.35,108.30 1 1
pacman/pacman.go:108.30,109.24 1 1
pacman/pacman.go:109.24,111.5 1 1
pacman/pacman.go:117.38,118.43 1 1
pacman/pacman.go:125.2,125.11 1 1
pacman/pacman.go:118.43,119.30 1 1
pacman/pacman.go:119.30,120.24 1 1
pacman/pacman.go:120.24,122.5 1 1
pacman/pacman.go:128.55,130.2 1 1
pacman/pacman.go:133.34,134.23 1 1
pacman/pacman.go:134.23,136.3 1 1
pacman/pacman.go:140.34,144.2 3 1
pacman/pacman.go:147.42,149.24 2 1
pacman/pacman.go:149.24,152.3 2 1
pacman/pacman.go:156.45,159.2 2 1
pacman/tokenizer.go:4.59,11.27 2 1
pacman/tokenizer.go:17.2,17.46 1 1
pacman/tokenizer.go:11.27,13.21 2 1
pacman/tokenizer.go:13.21,15.4 1 1
pacman/controller.go:19.46,21.2 1 0
pacman/controller.go:23.29,24.19 1 0
pacman/controller.go:24.19,26.3 1 0
pacman/controller.go:29.28,30.19 1 0
pacman/controller.go:33.2,33.15 1 0
pacman/controller.go:30.19,32.3 1 0
pacman/controller.go:36.29,37.21 1 0
pacman/controller.go:40.2,43.6 4 0
pacman/controller.go:37.21,39.3 1 0
pacman/controller.go:43.6,44.45 1 0
pacman/controller.go:45.25,46.18 1 0
pacman/controller.go:59.27,61.17 2 0
pacman/controller.go:47.24,49.18 2 0
pacman/controller.go:50.28,51.25 1 0
pacman/controller.go:52.30,53.25 1 0
pacman/controller.go:54.30,55.25 1 0
pacman/controller.go:56.31,57.25 1 0
pacman/game.go:38.35,46.2 1 1
pacman/game.go:49.56,51.2 1 1
pacman/game.go:54.61,56.2 1 0
pacman/game.go:59.47,61.2 1 1
pacman/game.go:64.56,68.2 3 1
pacman/game.go:71.32,72.27 1 1
pacman/game.go:79.2,85.27 7 1
pacman/game.go:72.27,74.3 1 1
pacman/game.go:74.3,74.54 1 1
pacman/game.go:74.54,78.3 3 1
pacman/game.go:88.51,89.25 1 1
pacman/game.go:92.2,94.16 3 1
pacman/game.go:97.2,98.16 2 1
pacman/game.go:89.25,91.3 1 1
pacman/game.go:94.16,96.3 1 1
pacman/game.go:98.16,100.3 1 1
pacman/game.go:103.54,105.28 2 1
pacman/game.go:105.28,107.32 2 1
pacman/game.go:107.32,109.4 1 1
pacman/game.go:114.54,116.2 1 1
pacman/game.go:119.33,124.2 4 1
pacman/game.go:126.58,135.37 9 1
pacman/game.go:138.2,138.26 1 1
pacman/game.go:135.37,137.3 1 1
pacman/game.go:141.57,146.28 5 1
pacman/game.go:154.2,154.26 1 1
pacman/game.go:146.28,147.32 1 1
pacman/game.go:152.3,152.49 1 1
pacman/game.go:147.32,151.4 3 1
pacman/game.go:157.56,158.20 1 1
pacman/game.go:161.2,161.11 1 1
pacman/game.go:158.20,160.3 1 1
pacman/game.go:165.31,166.36 1 1
pacman/game.go:169.2,169.24 1 1
pacman/game.go:173.2,173.25 1 1
pacman/game.go:176.2,176.20 1 1
pacman/game.go:166.36,168.3 1 1
pacman/game.go:169.24,171.3 1 1
pacman/game.go:173.25,175.3 1 1
pacman/game.go:179.38,181.102 2 1
pacman/game.go:185.2,185.19 1 1
pacman/game.go:181.102,184.3 2 1
pacman/game.go:185.19,187.3 1 1
pacman/game.go:191.48,192.23 1 1
pacman/game.go:195.2,195.13 1 1
pacman/game.go:192.23,194.3 1 1
pacman/game.go:199.36,201.2 1 1
pacman/game.go:204.36,206.2 1 1
pacman/game.go:209.48,211.2 1 1
pacman/game.go:213.54,216.2 2 1
pacman/game.go:219.52,222.2 2 1
pacman/game.go:225.50,227.2 1 1
pacman/game.go:230.49,232.2 1 1
pacman/game.go:235.50,239.2 3 1
pacman/game.go:242.56,243.34 1 1
pacman/game.go:243.34,244.22 1 1
pacman/game.go:244.22,246.4 1 1
pacman/game.go:251.49,253.2 1 1
pacman/game.go:256.50,259.2 2 1
pacman/game.go:262.46,264.38 2 1
pacman/game.go:269.2,269.13 1 1
pacman/game.go:264.38,265.24 1 1
pacman/game.go:265.24,267.4 1 1
pacman/game.go:273.44,275.2 1 1
pacman/game.go:278.44,280.2 1 1
pacman/game.go:283.45,285.2 1 1
pacman/game.go:288.44,290.21 2 1
pacman/game.go:290.21,292.3 1 1
pacman/game.go:296.55,298.2 1 1
pacman/game.go:300.44,302.2 1 1
pacman/game.go:305.36,307.32 2 1
pacman/game.go:307.32,310.3 2 1
pacman/game.go:310.3,316.3 5 1
pacman/game.go:320.40,327.25 7 1
pacman/game.go:330.2,330.25 1 1
pacman/game.go:327.25,329.3 1 1
pacman/game.go:330.25,332.3 1 1
pacman/game.go:336.41,338.12 2 1
pacman/game.go:341.2,343.38 3 1
pacman/game.go:356.2,356.12 1 1
pacman/game.go:360.2,360.22 1 1
pacman/game.go:338.12,340.3 1 0
pacman/game.go:343.38,348.31 5 1
pacman/game.go:352.3,352.12 1 1
pacman/game.go:348.31,351.4 2 0
pacman/game.go:352.12,354.4 1 1
pacman/game.go:356.12,359.3 2 0
pacman/game.go:363.45,364.13 1 1
pacman/game.go:365.11,366.30 1 1
pacman/game.go:367.11,368.33 1 1
pacman/game.go:369.11,370.32 1 1
pacman/game.go:371.11,372.32 1 1
pacman/game.go:376.39,378.2 1 1
pacman/game.go:380.40,382.2 1 1
pacman/game.go:384.31,387.2 2 0
pacman/game.go:390.54,392.2 1 1
pacman/game.go:395.89,398.12 3 1
pacman/game.go:403.2,403.12 1 1
pacman/game.go:409.2,410.16 2 1
pacman/game.go:413.2,414.21 2 1
pacman/game.go:398.12,400.3 1 0
pacman/game.go:400.3,402.3 1 1
pacman/game.go:403.12,405.16 2 0
pacman/game.go:405.16,407.4 1 0
pacman/game.go:410.16,411.13 1 0
pacman/game.go:417.13,424.2 6 0
pacman/playfield.go:20.54,26.2 5 1
pacman/playfield.go:29.34,32.25 3 1
pacman/playfield.go:40.2,41.22 2 1
pacman/playfield.go:32.25,35.29 3 1
pacman/playfield.go:35.29,38.4 2 1
pacman/playfield.go:45.65,50.2 4 1
pacman/playfield.go:53.54,55.2 1 1
pacman/playfield.go:58.45,60.2 1 1
pacman/direction.go:33.50,38.2 4 1
pacman/direction.go:41.53,42.21 1 1
pacman/direction.go:49.2,49.13 1 0
pacman/direction.go:42.21,44.3 1 1
pacman/direction.go:44.3,44.28 1 1
pacman/direction.go:44.28,46.3 1 1
pacman/direction.go:46.3,46.28 1 0
pacman/direction.go:46.28,48.3 1 0
pacman/direction.go:54.41,56.2 1 1
pacman/direction.go:59.37,61.2 1 1
pacman/direction.go:64.38,66.2 1 1
pacman/direction.go:69.50,70.38 1 1
pacman/direction.go:79.2,79.14 1 0
pacman/direction.go:70.38,72.3 1 1
pacman/direction.go:72.3,72.47 1 1
pacman/direction.go:72.47,74.3 1 1
pacman/direction.go:74.3,74.41 1 1
pacman/direction.go:74.41,76.3 1 1
pacman/direction.go:76.3,76.45 1 1
pacman/direction.go:76.45,78.3 1 1
pacman/direction.go:83.46,86.2 2 1
pacman/game_element.go:14.92,22.2 1 1
pacman/game_element.go:25.44,27.2 1 1
pacman/game_element.go:30.43,32.2 1 1
pacman/game_element.go:35.37,37.2 1 1
pacman/game_element.go:40.43,42.2 1 1
pacman/game_element.go:45.49,48.2 2 1
pacman/game_element.go:51.45,53.2 1 1
pacman/game_element.go:56.51,58.2 1 1
pacman/game_element.go:61.35,63.2 1 1
pacman/game_element.go:66.39,68.2 1 1
pacman/game_element.go:71.42,73.2 1 1
pacman/game_element.go:76.48,78.2 1 1
pacman/game_element.go:81.30,81.32 0 0
pacman/game_element.go:84.35,86.2 1 1
pacman/game_element.go:89.33,91.2 1 1
pacman/game_element.go:94.58,94.60 0 0
pacman/game_element.go:97.38,99.2 1 0
pacman/game_element.go:102.60,104.30 2 1
pacman/game_element.go:111.2,111.17 1 1
pacman/game_element.go:104.30,105.31 1 1
pacman/game_element.go:105.31,106.20 1 1
pacman/game_element.go:106.20,108.5 1 1
pacman/wall.go:29.55,32.24 3 1
pacman/wall.go:35.2,36.26 2 1
pacman/wall.go:32.24,34.3 1 1
pacman/wall.go:40.56,41.18 1 1
pacman/wall.go:44.2,44.12 1 1
pacman/wall.go:41.18,43.3 1 1
pacman/wall.go:48.29,51.2 2 1
pacman/wall.go:54.43,57.2 2 1
pacman/wall.go:60.35,63.2 2 1
pacman/wall.go:66.29,69.2 2 1
